<?xml version="1.0" encoding="UTF-8"?>
<!DOCTYPE suite SYSTEM "http://testng.org/testng-1.0.dtd" >
<!-- <suite name="Page Object test example"> -->
<suite name="Page Object test example" parallel="methods"
	thread-count="4">
	<parameter name="appURL" value="http://www.google.com" />
	<!-- <parameter name="browserType" value="FIREFOX" /> -->
	<parameter name="pageTitle" value="Google" />
	<parameter name="searchTerm" value="flower" />
	<parameter name="userName" value="geethagowda401@gmail.com" />
	<parameter name="passWord" value="ashaushanishagowda" />
	<!-- cross browser testing ,Testing on FF browser-->
	<test name="sample test">
		<parameter name="browserType" value="FIREFOX" />
		<classes>
			<class name="com.MySeleniumProject.Tests.GoogleTest" />
		</classes>
	</test>
<!-- cross browser testing ,Testing on Chrome browser-->
<!-- 	<test name="sample test1">
		<parameter name="browserType" value="CHROME" />
		<classes>
			<class name="com.MySeleniumProject.Tests.GoogleTest" />
		</classes>
	</test> -->
</suite>