<?xml version="1.0" encoding="UTF-8"?>
<!-- Generated by org.testng.reporters.JUnitReportReporter -->
<testsuite hostname="Geetha_pc" name="com.MySeleniumProject.Tests.GoogleTest" tests="1" failures="0" timestamp="16 Apr 2017 04:13:53 GMT" time="24.545" errors="0">
  <testcase name="testGoogleSearchTitle" time="24.545" classname="com.MySeleniumProject.Tests.GoogleTest"/>
</testsuite> <!-- com.MySeleniumProject.Tests.GoogleTest -->
